\BOOKMARK [0][-]{section*.1}{\376\377\000C\000o\000n\000t\000e\000n\000t\000s}{}% 1
\BOOKMARK [0][-]{section*.2}{\376\377\000L\000i\000s\000t\000\040\000o\000f\000\040\000F\000i\000g\000u\000r\000e\000s}{}% 2
\BOOKMARK [0][-]{section*.3}{\376\377\000L\000i\000s\000t\000\040\000o\000f\000\040\000T\000a\000b\000l\000e\000s}{}% 3
\BOOKMARK [0][-]{chapter.1}{\376\377\000I\000n\000t\000r\000o\000d\000u\000c\000t\000i\000o\000n}{}% 4
\BOOKMARK [1][-]{section.1.1}{\376\377\000T\000h\000e\000s\000i\000s\000\040\000O\000r\000g\000a\000n\000i\000z\000a\000t\000i\000o\000n}{chapter.1}% 5
\BOOKMARK [0][-]{chapter.2}{\376\377\000A\000n\000y\000t\000i\000m\000e\000\040\000D\000e\000n\000s\000e\000\040\000P\000r\000e\000d\000i\000c\000t\000i\000o\000n\000\040\000b\000y\000\040\000C\000o\000n\000f\000i\000d\000e\000n\000c\000e}{}% 6
\BOOKMARK [1][-]{section.2.1}{\376\377\000O\000v\000e\000r\000v\000i\000e\000w}{chapter.2}% 7
\BOOKMARK [1][-]{section.2.2}{\376\377\000I\000n\000t\000r\000o\000d\000u\000c\000t\000i\000o\000n}{chapter.2}% 8
\BOOKMARK [1][-]{section.2.3}{\376\377\000A\000p\000p\000r\000o\000a\000c\000h}{chapter.2}% 9
\BOOKMARK [2][-]{subsection.2.3.1}{\376\377\000A\000n\000y\000t\000i\000m\000e\000\040\000S\000e\000t\000t\000i\000n\000g}{section.2.3}% 10
\BOOKMARK [2][-]{subsection.2.3.2}{\376\377\000E\000a\000r\000l\000y\000\040\000E\000x\000i\000t\000i\000n\000g}{section.2.3}% 11
\BOOKMARK [2][-]{subsection.2.3.3}{\376\377\000H\000e\000a\000d\000\040\000R\000e\000d\000e\000s\000i\000g\000n}{section.2.3}% 12
\BOOKMARK [2][-]{subsection.2.3.4}{\376\377\000C\000o\000n\000f\000i\000d\000e\000n\000c\000e\000\040\000A\000d\000a\000p\000t\000i\000v\000i\000t\000y}{section.2.3}% 13
\BOOKMARK [1][-]{section.2.4}{\376\377\000E\000x\000p\000e\000r\000i\000m\000e\000n\000t\000s}{chapter.2}% 14
\BOOKMARK [2][-]{subsection.2.4.1}{\376\377\000A\000r\000c\000h\000i\000t\000e\000c\000t\000u\000r\000e\000s}{section.2.4}% 15
\BOOKMARK [2][-]{subsection.2.4.2}{\376\377\000B\000a\000s\000e\000l\000i\000n\000e\000s}{section.2.4}% 16
\BOOKMARK [2][-]{subsection.2.4.3}{\376\377\000E\000x\000p\000e\000r\000i\000m\000e\000n\000t\000a\000l\000\040\000S\000e\000t\000t\000i\000n\000g\000s}{section.2.4}% 17
\BOOKMARK [2][-]{subsection.2.4.4}{\376\377\000S\000e\000m\000a\000n\000t\000i\000c\000\040\000S\000e\000g\000m\000e\000n\000t\000a\000t\000i\000o\000n}{section.2.4}% 18
\BOOKMARK [2][-]{subsection.2.4.5}{\376\377\000H\000u\000m\000a\000n\000\040\000P\000o\000s\000e\000\040\000E\000s\000t\000i\000m\000a\000t\000i\000o\000n}{section.2.4}% 19
\BOOKMARK [1][-]{section.2.5}{\376\377\000A\000n\000a\000l\000y\000s\000i\000s}{chapter.2}% 20
\BOOKMARK [2][-]{subsection.2.5.1}{\376\377\000V\000i\000s\000u\000a\000l\000i\000z\000a\000t\000i\000o\000n\000s}{section.2.5}% 21
\BOOKMARK [2][-]{subsection.2.5.2}{\376\377\000D\000o\000w\000n\000s\000a\000m\000p\000l\000i\000n\000g\000\040\000a\000t\000\040\000E\000a\000r\000l\000y\000\040\000E\000x\000i\000t\000s\000.}{section.2.5}% 22
\BOOKMARK [2][-]{subsection.2.5.3}{\376\377\000M\000a\000s\000k\000i\000n\000g\000\040\000C\000r\000i\000t\000e\000r\000i\000o\000n}{section.2.5}% 23
\BOOKMARK [1][-]{section.2.6}{\376\377\000R\000e\000l\000a\000t\000e\000d\000\040\000W\000o\000r\000k}{chapter.2}% 24
\BOOKMARK [2][-]{subsection.2.6.1}{\376\377\000A\000n\000y\000t\000i\000m\000e\000\040\000I\000n\000f\000e\000r\000e\000n\000c\000e}{section.2.6}% 25
\BOOKMARK [2][-]{subsection.2.6.2}{\376\377\000A\000d\000a\000p\000t\000i\000v\000e\000\040\000C\000o\000m\000p\000u\000t\000a\000t\000i\000o\000n}{section.2.6}% 26
\BOOKMARK [1][-]{section.2.7}{\376\377\000A\000d\000d\000i\000t\000i\000o\000n\000a\000l\000\040\000S\000t\000u\000d\000i\000e\000s}{chapter.2}% 27
\BOOKMARK [2][-]{subsection.2.7.1}{\376\377\000A\000b\000l\000a\000t\000i\000o\000n\000\040\000o\000n\000\040\000I\000n\000t\000e\000r\000p\000o\000l\000a\000t\000i\000o\000n\000\040\000R\000a\000d\000i\000u\000s}{section.2.7}% 28
\BOOKMARK [2][-]{subsection.2.7.2}{\376\377\000I\000n\000f\000e\000r\000e\000n\000c\000e\000-\000O\000n\000l\000y\000\040\000C\000o\000n\000f\000i\000d\000e\000n\000c\000e\000\040\000A\000d\000a\000p\000t\000i\000v\000i\000t\000y}{section.2.7}% 29
\BOOKMARK [2][-]{subsection.2.7.3}{\376\377\000P\000A\000S\000C\000A\000L\000-\000C\000o\000n\000t\000e\000x\000t\000\040\000R\000e\000s\000u\000l\000t\000s}{section.2.7}% 30
\BOOKMARK [2][-]{subsection.2.7.4}{\376\377\000M\000o\000r\000e\000\040\000V\000i\000s\000u\000a\000l\000i\000z\000a\000t\000i\000o\000n\000s}{section.2.7}% 31
\BOOKMARK [1][-]{section.2.8}{\376\377\000C\000o\000n\000c\000l\000u\000s\000i\000o\000n}{chapter.2}% 32
\BOOKMARK [0][-]{chapter.3}{\376\377\000R\000e\000t\000h\000i\000n\000k\000i\000n\000g\000\040\000t\000h\000e\000\040\000V\000a\000l\000u\000e\000\040\000o\000f\000\040\000N\000e\000t\000w\000o\000r\000k\000\040\000P\000r\000u\000n\000i\000n\000g}{}% 33
\BOOKMARK [1][-]{section.3.1}{\376\377\000O\000v\000e\000r\000v\000i\000e\000w}{chapter.3}% 34
\BOOKMARK [1][-]{section.3.2}{\376\377\000I\000n\000t\000r\000o\000d\000u\000c\000t\000i\000o\000n}{chapter.3}% 35
\BOOKMARK [1][-]{section.3.3}{\376\377\000B\000a\000c\000k\000g\000r\000o\000u\000n\000d}{chapter.3}% 36
\BOOKMARK [1][-]{section.3.4}{\376\377\000M\000e\000t\000h\000o\000d\000o\000l\000o\000g\000y}{chapter.3}% 37
\BOOKMARK [2][-]{subsection.3.4.1}{\376\377\000T\000a\000r\000g\000e\000t\000\040\000P\000r\000u\000n\000e\000d\000\040\000A\000r\000c\000h\000i\000t\000e\000c\000t\000u\000r\000e\000s}{section.3.4}% 38
\BOOKMARK [2][-]{subsection.3.4.2}{\376\377\000D\000a\000t\000a\000s\000e\000t\000s\000,\000\040\000N\000e\000t\000w\000o\000r\000k\000\040\000A\000r\000c\000h\000i\000t\000e\000c\000t\000u\000r\000e\000s\000\040\000a\000n\000d\000\040\000P\000r\000u\000n\000i\000n\000g\000\040\000M\000e\000t\000h\000o\000d\000s}{section.3.4}% 39
\BOOKMARK [2][-]{subsection.3.4.3}{\376\377\000T\000r\000a\000i\000n\000i\000n\000g\000\040\000B\000u\000d\000g\000e\000t}{section.3.4}% 40
\BOOKMARK [2][-]{subsection.3.4.4}{\376\377\000I\000m\000p\000l\000e\000m\000e\000n\000t\000a\000t\000i\000o\000n}{section.3.4}% 41
\BOOKMARK [1][-]{section.3.5}{\376\377\000E\000x\000p\000e\000r\000i\000m\000e\000n\000t\000s}{chapter.3}% 42
\BOOKMARK [2][-]{subsection.3.5.1}{\376\377\000P\000r\000e\000d\000e\000f\000i\000n\000e\000d\000\040\000S\000t\000r\000u\000c\000t\000u\000r\000e\000d\000\040\000P\000r\000u\000n\000i\000n\000g}{section.3.5}% 43
\BOOKMARK [2][-]{subsection.3.5.2}{\376\377\000A\000u\000t\000o\000m\000a\000t\000i\000c\000\040\000S\000t\000r\000u\000c\000t\000u\000r\000e\000d\000\040\000P\000r\000u\000n\000i\000n\000g}{section.3.5}% 44
\BOOKMARK [2][-]{subsection.3.5.3}{\376\377\000U\000n\000s\000t\000r\000u\000c\000t\000u\000r\000e\000d\000\040\000M\000a\000g\000n\000i\000t\000u\000d\000e\000-\000b\000a\000s\000e\000d\000\040\000P\000r\000u\000n\000i\000n\000g}{section.3.5}% 45
\BOOKMARK [1][-]{section.3.6}{\376\377\000N\000e\000t\000w\000o\000r\000k\000\040\000P\000r\000u\000n\000i\000n\000g\000\040\000a\000s\000\040\000A\000r\000c\000h\000i\000t\000e\000c\000t\000u\000r\000e\000\040\000s\000e\000a\000r\000c\000h}{chapter.3}% 46
\BOOKMARK [2][-]{subsection.3.6.1}{\376\377\000P\000a\000r\000a\000m\000e\000t\000e\000r\000\040\000E\000f\000f\000i\000c\000i\000e\000n\000c\000y\000\040\000o\000f\000\040\000P\000r\000u\000n\000e\000d\000\040\000A\000r\000c\000h\000i\000t\000e\000c\000t\000u\000r\000e\000s}{section.3.6}% 47
\BOOKMARK [2][-]{subsection.3.6.2}{\376\377\000M\000o\000r\000e\000\040\000A\000n\000a\000l\000y\000s\000i\000s}{section.3.6}% 48
\BOOKMARK [2][-]{subsection.3.6.3}{\376\377\000G\000e\000n\000e\000r\000a\000l\000i\000z\000a\000b\000l\000e\000\040\000D\000e\000s\000i\000g\000n\000\040\000P\000r\000i\000n\000c\000i\000p\000l\000e\000s\000\040\000f\000r\000o\000m\000\040\000P\000r\000u\000n\000e\000d\000\040\000A\000r\000c\000h\000i\000t\000e\000c\000t\000u\000r\000e\000s}{section.3.6}% 49
\BOOKMARK [2][-]{subsection.3.6.4}{\376\377\000D\000i\000s\000c\000u\000s\000s\000i\000o\000n\000s\000\040\000w\000i\000t\000h\000\040\000C\000o\000n\000v\000e\000n\000t\000i\000o\000n\000a\000l\000\040\000A\000r\000c\000h\000i\000t\000e\000c\000t\000u\000r\000e\000\040\000S\000e\000a\000r\000c\000h\000\040\000M\000e\000t\000h\000o\000d\000s}{section.3.6}% 50
\BOOKMARK [1][-]{section.3.7}{\376\377\000E\000x\000p\000e\000r\000i\000m\000e\000n\000t\000i\000n\000g\000\040\000w\000i\000t\000h\000\040\000t\000h\000e\000\040\000L\000o\000t\000t\000e\000r\000y\000\040\000T\000i\000c\000k\000e\000t\000\040\000H\000y\000p\000o\000t\000h\000e\000s\000i\000s}{chapter.3}% 51
\BOOKMARK [1][-]{section.3.8}{\376\377\000A\000d\000d\000i\000t\000i\000o\000n\000a\000l\000\040\000S\000t\000u\000d\000i\000e\000s}{chapter.3}% 52
\BOOKMARK [2][-]{subsection.3.8.1}{\376\377\000R\000e\000s\000u\000l\000t\000s\000\040\000o\000n\000\040\000S\000o\000f\000t\000\040\000F\000i\000l\000t\000e\000r\000\040\000P\000r\000u\000n\000i\000n\000g}{section.3.8}% 53
\BOOKMARK [2][-]{subsection.3.8.2}{\376\377\000T\000r\000a\000n\000s\000f\000e\000r\000\040\000L\000e\000a\000r\000n\000i\000n\000g\000\040\000t\000o\000\040\000O\000b\000j\000e\000c\000t\000\040\000D\000e\000t\000e\000c\000t\000i\000o\000n}{section.3.8}% 54
\BOOKMARK [2][-]{subsection.3.8.3}{\376\377\000A\000g\000g\000r\000e\000s\000s\000i\000v\000e\000l\000y\000\040\000P\000r\000u\000n\000e\000d\000\040\000M\000o\000d\000e\000l\000s}{section.3.8}% 55
\BOOKMARK [2][-]{subsection.3.8.4}{\376\377\000E\000x\000t\000e\000n\000d\000i\000n\000g\000\040\000F\000i\000n\000e\000-\000t\000u\000n\000i\000n\000g\000\040\000E\000p\000o\000c\000h\000s}{section.3.8}% 56
\BOOKMARK [2][-]{subsection.3.8.5}{\376\377\000E\000x\000t\000e\000n\000d\000i\000n\000g\000\040\000t\000h\000e\000\040\000S\000t\000a\000n\000d\000a\000r\000d\000\040\000T\000r\000a\000i\000n\000i\000n\000g\000\040\000S\000c\000h\000e\000d\000u\000l\000e}{section.3.8}% 57
\BOOKMARK [2][-]{subsection.3.8.6}{\376\377\000W\000e\000i\000g\000h\000t\000\040\000D\000i\000s\000t\000r\000i\000b\000u\000t\000i\000o\000n\000s}{section.3.8}% 58
\BOOKMARK [2][-]{subsection.3.8.7}{\376\377\000M\000o\000r\000e\000\040\000S\000p\000a\000r\000s\000i\000t\000y\000\040\000P\000a\000t\000t\000e\000r\000n\000s\000\040\000f\000o\000r\000\040\000P\000r\000u\000n\000e\000d\000\040\000A\000r\000c\000h\000i\000t\000e\000c\000t\000u\000r\000e\000s}{section.3.8}% 59
\BOOKMARK [1][-]{section.3.9}{\376\377\000C\000o\000n\000c\000l\000u\000s\000i\000o\000n\000s}{chapter.3}% 60
\BOOKMARK [0][-]{chapter.4}{\376\377\000A\000\040\000C\000o\000n\000v\000N\000e\000t\000\040\000f\000o\000r\000\040\000t\000h\000e\000\040\0002\0000\0002\0000\000s}{}% 61
\BOOKMARK [1][-]{section.4.1}{\376\377\000O\000v\000e\000r\000v\000i\000e\000w}{chapter.4}% 62
\BOOKMARK [1][-]{section.4.2}{\376\377\000I\000n\000t\000r\000o\000d\000u\000c\000t\000i\000o\000n}{chapter.4}% 63
\BOOKMARK [1][-]{section.4.3}{\376\377\000M\000o\000d\000e\000r\000n\000i\000z\000i\000n\000g\000\040\000a\000\040\000C\000o\000n\000v\000N\000e\000t\000:\000\040\000a\000\040\000R\000o\000a\000d\000m\000a\000p}{chapter.4}% 64
\BOOKMARK [2][-]{subsection.4.3.1}{\376\377\000T\000r\000a\000i\000n\000i\000n\000g\000\040\000T\000e\000c\000h\000n\000i\000q\000u\000e\000s}{section.4.3}% 65
\BOOKMARK [2][-]{subsection.4.3.2}{\376\377\000M\000a\000c\000r\000o\000\040\000D\000e\000s\000i\000g\000n}{section.4.3}% 66
\BOOKMARK [2][-]{subsection.4.3.3}{\376\377\000R\000e\000s\000N\000e\000X\000t\000-\000i\000f\000y}{section.4.3}% 67
\BOOKMARK [2][-]{subsection.4.3.4}{\376\377\000I\000n\000v\000e\000r\000t\000e\000d\000\040\000B\000o\000t\000t\000l\000e\000n\000e\000c\000k}{section.4.3}% 68
\BOOKMARK [2][-]{subsection.4.3.5}{\376\377\000L\000a\000r\000g\000e\000\040\000K\000e\000r\000n\000e\000l\000\040\000S\000i\000z\000e\000s}{section.4.3}% 69
\BOOKMARK [2][-]{subsection.4.3.6}{\376\377\000M\000i\000c\000r\000o\000\040\000D\000e\000s\000i\000g\000n}{section.4.3}% 70
\BOOKMARK [1][-]{section.4.4}{\376\377\000E\000x\000p\000e\000r\000i\000m\000e\000n\000t\000s\000\040\000o\000n\000\040\000I\000m\000a\000g\000e\000N\000e\000t}{chapter.4}% 71
\BOOKMARK [2][-]{subsection.4.4.1}{\376\377\000S\000e\000t\000t\000i\000n\000g\000s}{section.4.4}% 72
\BOOKMARK [2][-]{subsection.4.4.2}{\376\377\000R\000e\000s\000u\000l\000t\000s}{section.4.4}% 73
\BOOKMARK [2][-]{subsection.4.4.3}{\376\377\000I\000s\000o\000t\000r\000o\000p\000i\000c\000\040\000C\000o\000n\000v\000N\000e\000X\000t\000\040\000v\000s\000\@let@token \000.\000\040\000V\000i\000T}{section.4.4}% 74
\BOOKMARK [1][-]{section.4.5}{\376\377\000E\000x\000p\000e\000r\000i\000m\000e\000n\000t\000s\000\040\000o\000n\000\040\000D\000o\000w\000n\000s\000t\000r\000e\000a\000m\000\040\000T\000a\000s\000k\000s}{chapter.4}% 75
\BOOKMARK [2][-]{subsection.4.5.1}{\376\377\000O\000b\000j\000e\000c\000t\000\040\000d\000e\000t\000e\000c\000t\000i\000o\000n\000\040\000a\000n\000d\000\040\000s\000e\000g\000m\000e\000n\000t\000a\000t\000i\000o\000n\000\040\000o\000n\000\040\000C\000O\000C\000O\000.}{section.4.5}% 76
\BOOKMARK [2][-]{subsection.4.5.2}{\376\377\000S\000e\000m\000a\000n\000t\000i\000c\000\040\000s\000e\000g\000m\000e\000n\000t\000a\000t\000i\000o\000n\000\040\000o\000n\000\040\000A\000D\000E\0002\0000\000K\000.}{section.4.5}% 77
\BOOKMARK [2][-]{subsection.4.5.3}{\376\377\000R\000e\000m\000a\000r\000k\000s\000\040\000o\000n\000\040\000m\000o\000d\000e\000l\000\040\000e\000f\000f\000i\000c\000i\000e\000n\000c\000y\000.}{section.4.5}% 78
\BOOKMARK [1][-]{section.4.6}{\376\377\000R\000e\000l\000a\000t\000e\000d\000\040\000W\000o\000r\000k}{chapter.4}% 79
\BOOKMARK [2][-]{subsection.4.6.1}{\376\377\000H\000y\000b\000r\000i\000d\000\040\000m\000o\000d\000e\000l\000s}{section.4.6}% 80
\BOOKMARK [2][-]{subsection.4.6.2}{\376\377\000R\000e\000c\000e\000n\000t\000\040\000c\000o\000n\000v\000o\000l\000u\000t\000i\000o\000n\000-\000b\000a\000s\000e\000d\000\040\000a\000p\000p\000r\000o\000a\000c\000h\000e\000s}{section.4.6}% 81
\BOOKMARK [1][-]{section.4.7}{\376\377\000F\000u\000l\000l\000\040\000E\000x\000p\000e\000r\000i\000m\000e\000n\000t\000a\000l\000\040\000S\000e\000t\000t\000i\000n\000g\000s}{chapter.4}% 82
\BOOKMARK [2][-]{subsection.4.7.1}{\376\377\000I\000m\000a\000g\000e\000N\000e\000t\000\040\000\050\000P\000r\000e\000-\000\051\000t\000r\000a\000i\000n\000i\000n\000g}{section.4.7}% 83
\BOOKMARK [2][-]{subsection.4.7.2}{\376\377\000I\000m\000a\000g\000e\000N\000e\000t\000\040\000F\000i\000n\000e\000-\000t\000u\000n\000i\000n\000g}{section.4.7}% 84
\BOOKMARK [2][-]{subsection.4.7.3}{\376\377\000D\000o\000w\000n\000s\000t\000r\000e\000a\000m\000\040\000T\000a\000s\000k\000s}{section.4.7}% 85
\BOOKMARK [2][-]{subsection.4.7.4}{\376\377\000D\000e\000t\000a\000i\000l\000e\000d\000\040\000A\000r\000c\000h\000i\000t\000e\000c\000t\000u\000r\000e\000s}{section.4.7}% 86
\BOOKMARK [1][-]{section.4.8}{\376\377\000A\000d\000d\000i\000t\000i\000o\000n\000a\000l\000\040\000S\000t\000u\000d\000i\000e\000s}{chapter.4}% 87
\BOOKMARK [2][-]{subsection.4.8.1}{\376\377\000R\000o\000b\000u\000s\000t\000n\000e\000s\000s\000\040\000E\000v\000a\000l\000u\000a\000t\000i\000o\000n}{section.4.8}% 88
\BOOKMARK [2][-]{subsection.4.8.2}{\376\377\000M\000o\000d\000e\000r\000n\000i\000z\000i\000n\000g\000\040\000R\000e\000s\000N\000e\000t\000s\000:\000\040\000D\000e\000t\000a\000i\000l\000e\000d\000\040\000R\000e\000s\000u\000l\000t\000s}{section.4.8}% 89
\BOOKMARK [2][-]{subsection.4.8.3}{\376\377\000B\000e\000n\000c\000h\000m\000a\000r\000k\000i\000n\000g\000\040\000o\000n\000\040\000A\0001\0000\0000\000\040\000G\000P\000U\000s}{section.4.8}% 90
\BOOKMARK [1][-]{section.4.9}{\376\377\000D\000i\000s\000c\000u\000s\000s\000i\000o\000n\000s}{chapter.4}% 91
\BOOKMARK [2][-]{subsection.4.9.1}{\376\377\000L\000i\000m\000i\000t\000a\000t\000i\000o\000n\000s}{section.4.9}% 92
\BOOKMARK [2][-]{subsection.4.9.2}{\376\377\000S\000o\000c\000i\000e\000t\000a\000l\000\040\000I\000m\000p\000a\000c\000t}{section.4.9}% 93
\BOOKMARK [1][-]{section.4.10}{\376\377\000C\000o\000n\000c\000l\000u\000s\000i\000o\000n\000s}{chapter.4}% 94
\BOOKMARK [0][-]{chapter.5}{\376\377\000D\000i\000s\000c\000u\000s\000s\000i\000o\000n\000s}{}% 95
\BOOKMARK [1][-]{section.5.1}{\376\377\000F\000u\000t\000u\000r\000e\000\040\000W\000o\000r\000k\000s}{chapter.5}% 96
\BOOKMARK [2][-]{subsection.5.1.1}{\376\377\000S\000t\000u\000d\000y\000i\000n\000g\000\040\000I\000n\000d\000u\000c\000t\000i\000v\000e\000\040\000B\000i\000a\000s\000e\000s}{section.5.1}% 97
\BOOKMARK [2][-]{subsection.5.1.2}{\376\377\000S\000e\000l\000f\000-\000S\000u\000p\000e\000r\000v\000i\000s\000e\000d\000\040\000L\000e\000a\000r\000n\000i\000n\000g}{section.5.1}% 98
\BOOKMARK [2][-]{subsection.5.1.3}{\376\377\000M\000u\000l\000t\000i\000-\000m\000o\000d\000a\000l\000\040\000L\000e\000a\000r\000n\000i\000n\000g}{section.5.1}% 99
\BOOKMARK [1][-]{section.5.2}{\376\377\000C\000l\000o\000s\000i\000n\000g\000\040\000R\000e\000m\000a\000r\000k\000s}{chapter.5}% 100
\BOOKMARK [0][-]{section*.80}{\376\377\000B\000i\000b\000l\000i\000o\000g\000r\000a\000p\000h\000y}{}% 101
